Base path: 'D:/Unity/2022.1.7f1c1/Editor/Data', plugins path 'D:/Unity/2022.1.7f1c1/Editor/Data/PlaybackEngines'
Cmd: initializeCompiler


Cmd: preprocess
 insize=2990 file=Assets/Custom RP/Shaders/Lit.shader surfaceOnly=0 buildPlatform=19 pKW=SHADER_API_DESKTOP dKW=UNITY_NO_DXT5nm UNITY_ENABLE_REFLECTION_BUFFERS UNITY_FRAMEBUFFER_FETCH_AVAILABLE UNITY_METAL_SHADOWS_USE_POINT_FILTERING UNITY_NO_SCREENSPACE_SHADOWS UNITY_USE_DITHER_MASK_FOR_ALPHABLENDED_SHADOWS UNITY_PBS_USE_BRDF1 UNITY_PBS_USE_BRDF2 UNITY_PBS_USE_BRDF3 UNITY_NO_FULL_STANDARD_SHADER UNITY_SPECCUBE_BOX_PROJECTION UNITY_SPECCUBE_BLENDING UNITY_ENABLE_DETAIL_NORMALMAP UNITY_HARDWARE_TIER1 UNITY_HARDWARE_TIER2 UNITY_HARDWARE_TIER3 UNITY_COLORSPACE_GAMMA UNITY_LIGHT_PROBE_PROXY_VOLUME UNITY_HALF_PRECISION_FRAGMENT_SHADER_REGISTERS UNITY_LIGHTMAP_DLDR_ENCODING UNITY_LIGHTMAP_RGBM_ENCODING UNITY_LIGHTMAP_FULL_HDR UNITY_VIRTUAL_TEXTURING UNITY_PRETRANSFORM_TO_DISPLAY_ORIENTATION UNITY_ASTC_NORMALMAP_ENCODING SHADER_API_GLES30 UNITY_UNIFIED_SHADER_PRECISION_MODEL  error: 1 plat 25 at Assets/Custom RP/Tools/CommonTools.hlsl(293): 'GLOBAL_CBUFFER_START': macro redefinition. Previous definition found at D:/Unity/2022.1.7f1c1/Editor/Data/CGIncludes/HLSLSupport.cginc:314.
  error: 1 plat 25 at D:/Unity/SRP/Library/PackageCache/com.unity.render-pipelines.core@13.1.8/ShaderLibrary/API/D3D11.hlsl(140): 'SAMPLE_DEPTH_TEXTURE': macro redefinition. Previous definition found at D:/Unity/2022.1.7f1c1/Editor/Data/CGIncludes/HLSLSupport.cginc:343.
  error: 1 plat 25 at D:/Unity/SRP/Library/PackageCache/com.unity.render-pipelines.core@13.1.8/ShaderLibrary/API/D3D11.hlsl(141): 'SAMPLE_DEPTH_TEXTURE_LOD': macro redefinition. Previous definition found at D:/Unity/2022.1.7f1c1/Editor/Data/CGIncludes/HLSLSupport.cginc:345.
  error: 1 plat 25 at D:/Unity/SRP/Library/PackageCache/com.unity.render-pipelines.core@13.1.8/ShaderLibrary/Macros.hlsl(229): 'TRANSFORM_TEX': macro redefinition. Previous definition found at D:/Unity/2022.1.7f1c1/Editor/Data/CGIncludes/UnityCG.cginc:442.
 ok=1 outsize=1706

Cmd: preprocess
 insize=3107 file=Assets/Custom RP/Shaders/Cloud.shader surfaceOnly=0 buildPlatform=19 pKW=SHADER_API_DESKTOP dKW=UNITY_NO_DXT5nm UNITY_ENABLE_REFLECTION_BUFFERS UNITY_FRAMEBUFFER_FETCH_AVAILABLE UNITY_METAL_SHADOWS_USE_POINT_FILTERING UNITY_NO_SCREENSPACE_SHADOWS UNITY_USE_DITHER_MASK_FOR_ALPHABLENDED_SHADOWS UNITY_PBS_USE_BRDF1 UNITY_PBS_USE_BRDF2 UNITY_PBS_USE_BRDF3 UNITY_NO_FULL_STANDARD_SHADER UNITY_SPECCUBE_BOX_PROJECTION UNITY_SPECCUBE_BLENDING UNITY_ENABLE_DETAIL_NORMALMAP UNITY_HARDWARE_TIER1 UNITY_HARDWARE_TIER2 UNITY_HARDWARE_TIER3 UNITY_COLORSPACE_GAMMA UNITY_LIGHT_PROBE_PROXY_VOLUME UNITY_HALF_PRECISION_FRAGMENT_SHADER_REGISTERS UNITY_LIGHTMAP_DLDR_ENCODING UNITY_LIGHTMAP_RGBM_ENCODING UNITY_LIGHTMAP_FULL_HDR UNITY_VIRTUAL_TEXTURING UNITY_PRETRANSFORM_TO_DISPLAY_ORIENTATION UNITY_ASTC_NORMALMAP_ENCODING SHADER_API_GLES30 UNITY_UNIFIED_SHADER_PRECISION_MODEL  error: 1 plat 25 at Assets/Custom RP/Tools/CommonTools.hlsl(293): 'GLOBAL_CBUFFER_START': macro redefinition. Previous definition found at D:/Unity/2022.1.7f1c1/Editor/Data/CGIncludes/HLSLSupport.cginc:314.
  error: 1 plat 25 at D:/Unity/SRP/Library/PackageCache/com.unity.render-pipelines.core@13.1.8/ShaderLibrary/API/D3D11.hlsl(140): 'SAMPLE_DEPTH_TEXTURE': macro redefinition. Previous definition found at D:/Unity/2022.1.7f1c1/Editor/Data/CGIncludes/HLSLSupport.cginc:343.
  error: 1 plat 25 at D:/Unity/SRP/Library/PackageCache/com.unity.render-pipelines.core@13.1.8/ShaderLibrary/API/D3D11.hlsl(141): 'SAMPLE_DEPTH_TEXTURE_LOD': macro redefinition. Previous definition found at D:/Unity/2022.1.7f1c1/Editor/Data/CGIncludes/HLSLSupport.cginc:345.
  error: 1 plat 25 at D:/Unity/SRP/Library/PackageCache/com.unity.render-pipelines.core@13.1.8/ShaderLibrary/Macros.hlsl(229): 'TRANSFORM_TEX': macro redefinition. Previous definition found at D:/Unity/2022.1.7f1c1/Editor/Data/CGIncludes/UnityCG.cginc:442.
 ok=1 outsize=393

Cmd: compileSnippet
  insize=1108 file=Assets/Custom RP/Shaders/JTRP/Lit pass=LitPass ppOnly=0 stripLineD=0 buildPlatform=19 rsLen=0 pKW=UNITY_ENABLE_REFLECTION_BUFFERS UNITY_USE_DITHER_MASK_FOR_ALPHABLENDED_SHADOWS UNITY_PBS_USE_BRDF1 UNITY_SPECCUBE_BOX_PROJECTION UNITY_SPECCUBE_BLENDING UNITY_ENABLE_DETAIL_NORMALMAP SHADER_API_DESKTOP UNITY_COLORSPACE_GAMMA UNITY_LIGHT_PROBE_PROXY_VOLUME UNITY_LIGHTMAP_FULL_HDR uKW=_DIRECTIONAL_PCF7 dKW=_DIRECTIONAL_PCF3 _DIRECTIONAL_PCF5 LIGHTMAP_ON ENABLE_SHADOW_MASK LOD_FADE_CROSSFADE UNITY_NO_DXT5nm UNITY_FRAMEBUFFER_FETCH_AVAILABLE UNITY_METAL_SHADOWS_USE_POINT_FILTERING UNITY_NO_SCREENSPACE_SHADOWS UNITY_PBS_USE_BRDF2 UNITY_PBS_USE_BRDF3 UNITY_NO_FULL_STANDARD_SHADER UNITY_HARDWARE_TIER1 UNITY_HARDWARE_TIER2 UNITY_HARDWARE_TIER3 UNITY_HALF_PRECISION_FRAGMENT_SHADER_REGISTERS UNITY_LIGHTMAP_DLDR_ENCODING UNITY_LIGHTMAP_RGBM_ENCODING UNITY_VIRTUAL_TEXTURING UNITY_PRETRANSFORM_TO_DISPLAY_ORIENTATION UNITY_ASTC_NORMALMAP_ENCODING SHADER_API_GLES30 UNITY_UNIFIED_SHADER_PRECISION_MODEL flags=0 lang=3 type=Vertex platform=d3d11 reqs=4075 mask=6 start=40  error: 1 plat 25 at Assets/Custom RP/Tools/CommonTools.hlsl(293): 'GLOBAL_CBUFFER_START': macro redefinition. Previous definition found at D:/Unity/2022.1.7f1c1/Editor/Data/CGIncludes/HLSLSupport.cginc:314.
  error: 1 plat 25 at D:/Unity/SRP/Library/PackageCache/com.unity.render-pipelines.core@13.1.8/ShaderLibrary/API/D3D11.hlsl(140): 'SAMPLE_DEPTH_TEXTURE': macro redefinition. Previous definition found at D:/Unity/2022.1.7f1c1/Editor/Data/CGIncludes/HLSLSupport.cginc:343.
  error: 1 plat 25 at D:/Unity/SRP/Library/PackageCache/com.unity.render-pipelines.core@13.1.8/ShaderLibrary/API/D3D11.hlsl(141): 'SAMPLE_DEPTH_TEXTURE_LOD': macro redefinition. Previous definition found at D:/Unity/2022.1.7f1c1/Editor/Data/CGIncludes/HLSLSupport.cginc:345.
  error: 1 plat 25 at D:/Unity/SRP/Library/PackageCache/com.unity.render-pipelines.core@13.1.8/ShaderLibrary/Macros.hlsl(229): 'TRANSFORM_TEX': macro redefinition. Previous definition found at D:/Unity/2022.1.7f1c1/Editor/Data/CGIncludes/UnityCG.cginc:442.
  error: 1 plat 4 at RP/Tools/JTRPCommonFunc.hlsl(33): 'i': loop control variable conflicts with a previous declaration in the outer scope; most recent declaration will be used
  error: 1 plat 4 at RP/Tools/JTRPCommonFunc.hlsl(38): 'i': loop control variable conflicts with a previous declaration in the outer scope; most recent declaration will be used
 ok=1 outsize=1382

Cmd: compileSnippet
  insize=1108 file=Assets/Custom RP/Shaders/JTRP/Lit pass=LitPass ppOnly=0 stripLineD=0 buildPlatform=19 rsLen=0 pKW=UNITY_ENABLE_REFLECTION_BUFFERS UNITY_USE_DITHER_MASK_FOR_ALPHABLENDED_SHADOWS UNITY_PBS_USE_BRDF1 UNITY_SPECCUBE_BOX_PROJECTION UNITY_SPECCUBE_BLENDING UNITY_ENABLE_DETAIL_NORMALMAP SHADER_API_DESKTOP UNITY_COLORSPACE_GAMMA UNITY_LIGHT_PROBE_PROXY_VOLUME UNITY_LIGHTMAP_FULL_HDR uKW=_DIRECTIONAL_PCF7 dKW=_DIRECTIONAL_PCF3 _DIRECTIONAL_PCF5 LIGHTMAP_ON ENABLE_SHADOW_MASK LOD_FADE_CROSSFADE ENABLE_CLIPPING UNITY_NO_DXT5nm UNITY_FRAMEBUFFER_FETCH_AVAILABLE UNITY_METAL_SHADOWS_USE_POINT_FILTERING UNITY_NO_SCREENSPACE_SHADOWS UNITY_PBS_USE_BRDF2 UNITY_PBS_USE_BRDF3 UNITY_NO_FULL_STANDARD_SHADER UNITY_HARDWARE_TIER1 UNITY_HARDWARE_TIER2 UNITY_HARDWARE_TIER3 UNITY_HALF_PRECISION_FRAGMENT_SHADER_REGISTERS UNITY_LIGHTMAP_DLDR_ENCODING UNITY_LIGHTMAP_RGBM_ENCODING UNITY_VIRTUAL_TEXTURING UNITY_PRETRANSFORM_TO_DISPLAY_ORIENTATION UNITY_ASTC_NORMALMAP_ENCODING SHADER_API_GLES30 UNITY_UNIFIED_SHADER_PRECISION_MODEL flags=0 lang=3 type=Fragment platform=d3d11 reqs=4075 mask=6 start=40  error: 1 plat 25 at Assets/Custom RP/Tools/CommonTools.hlsl(293): 'GLOBAL_CBUFFER_START': macro redefinition. Previous definition found at D:/Unity/2022.1.7f1c1/Editor/Data/CGIncludes/HLSLSupport.cginc:314.
  error: 1 plat 25 at D:/Unity/SRP/Library/PackageCache/com.unity.render-pipelines.core@13.1.8/ShaderLibrary/API/D3D11.hlsl(140): 'SAMPLE_DEPTH_TEXTURE': macro redefinition. Previous definition found at D:/Unity/2022.1.7f1c1/Editor/Data/CGIncludes/HLSLSupport.cginc:343.
  error: 1 plat 25 at D:/Unity/SRP/Library/PackageCache/com.unity.render-pipelines.core@13.1.8/ShaderLibrary/API/D3D11.hlsl(141): 'SAMPLE_DEPTH_TEXTURE_LOD': macro redefinition. Previous definition found at D:/Unity/2022.1.7f1c1/Editor/Data/CGIncludes/HLSLSupport.cginc:345.
  error: 1 plat 25 at D:/Unity/SRP/Library/PackageCache/com.unity.render-pipelines.core@13.1.8/ShaderLibrary/Macros.hlsl(229): 'TRANSFORM_TEX': macro redefinition. Previous definition found at D:/Unity/2022.1.7f1c1/Editor/Data/CGIncludes/UnityCG.cginc:442.
  error: 1 plat 4 at RP/Tools/JTRPCommonFunc.hlsl(33): 'i': loop control variable conflicts with a previous declaration in the outer scope; most recent declaration will be used
  error: 1 plat 4 at RP/Tools/JTRPCommonFunc.hlsl(38): 'i': loop control variable conflicts with a previous declaration in the outer scope; most recent declaration will be used
  error: 1 plat 4 at RP/Tools/Light.hlsl(296): gradient instruction used in a loop with varying iteration, attempting to unroll the loop
 ok=1 outsize=7838

Cmd: shutdown
