Base path: 'D:/Unity/2022.1.7f1c1/Editor/Data', plugins path 'D:/Unity/2022.1.7f1c1/Editor/Data/PlaybackEngines'
Cmd: initializeCompiler

Cmd: compileSnippet
  insize=2576 file=Assets/Custom RP/Shaders/PPVolume/Hidden/JTRP/PP/Bloom pass=BlurHorizontal ppOnly=0 stripLineD=0 buildPlatform=19 rsLen=0 pKW=UNITY_ENABLE_REFLECTION_BUFFERS UNITY_USE_DITHER_MASK_FOR_ALPHABLENDED_SHADOWS UNITY_PBS_USE_BRDF1 UNITY_SPECCUBE_BOX_PROJECTION UNITY_SPECCUBE_BLENDING UNITY_ENABLE_DETAIL_NORMALMAP SHADER_API_DESKTOP UNITY_COLORSPACE_GAMMA UNITY_LIGHT_PROBE_PROXY_VOLUME UNITY_LIGHTMAP_FULL_HDR uKW= dKW=UNITY_NO_DXT5nm UNITY_FRAMEBUFFER_FETCH_AVAILABLE UNITY_METAL_SHADOWS_USE_POINT_FILTERING UNITY_NO_SCREENSPACE_SHADOWS UNITY_PBS_USE_BRDF2 UNITY_PBS_USE_BRDF3 UNITY_NO_FULL_STANDARD_SHADER UNITY_HARDWARE_TIER1 UNITY_HARDWARE_TIER2 UNITY_HARDWARE_TIER3 UNITY_HALF_PRECISION_FRAGMENT_SHADER_REGISTERS UNITY_LIGHTMAP_DLDR_ENCODING UNITY_LIGHTMAP_RGBM_ENCODING UNITY_VIRTUAL_TEXTURING UNITY_PRETRANSFORM_TO_DISPLAY_ORIENTATION UNITY_ASTC_NORMALMAP_ENCODING SHADER_API_GLES30 UNITY_UNIFIED_SHADER_PRECISION_MODEL flags=0 lang=3 type=Vertex platform=d3d11 reqs=33 mask=6 start=107  error: 1 plat 25 at Assets/Custom RP/Tools/CommonTools.hlsl(293): 'GLOBAL_CBUFFER_START': macro redefinition. Previous definition found at D:/Unity/2022.1.7f1c1/Editor/Data/CGIncludes/HLSLSupport.cginc:314.
  error: 1 plat 25 at D:/Unity/SRP/Library/PackageCache/com.unity.render-pipelines.core@13.1.8/ShaderLibrary/API/D3D11.hlsl(140): 'SAMPLE_DEPTH_TEXTURE': macro redefinition. Previous definition found at D:/Unity/2022.1.7f1c1/Editor/Data/CGIncludes/HLSLSupport.cginc:343.
  error: 1 plat 25 at D:/Unity/SRP/Library/PackageCache/com.unity.render-pipelines.core@13.1.8/ShaderLibrary/API/D3D11.hlsl(141): 'SAMPLE_DEPTH_TEXTURE_LOD': macro redefinition. Previous definition found at D:/Unity/2022.1.7f1c1/Editor/Data/CGIncludes/HLSLSupport.cginc:345.
  error: 1 plat 25 at D:/Unity/SRP/Library/PackageCache/com.unity.render-pipelines.core@13.1.8/ShaderLibrary/Macros.hlsl(229): 'TRANSFORM_TEX': macro redefinition. Previous definition found at D:/Unity/2022.1.7f1c1/Editor/Data/CGIncludes/UnityCG.cginc:442.
  error: 1 plat 4 at RP/Tools/JTRPCommonFunc.hlsl(33): 'i': loop control variable conflicts with a previous declaration in the outer scope; most recent declaration will be used
  error: 1 plat 4 at RP/Tools/JTRPCommonFunc.hlsl(38): 'i': loop control variable conflicts with a previous declaration in the outer scope; most recent declaration will be used
 ok=1 outsize=618

Cmd: compileSnippet
  insize=2577 file=Assets/Custom RP/Shaders/PPVolume/Hidden/JTRP/PP/Bloom pass=BlurHorizontal ppOnly=0 stripLineD=0 buildPlatform=19 rsLen=0 pKW=UNITY_ENABLE_REFLECTION_BUFFERS UNITY_USE_DITHER_MASK_FOR_ALPHABLENDED_SHADOWS UNITY_PBS_USE_BRDF1 UNITY_SPECCUBE_BOX_PROJECTION UNITY_SPECCUBE_BLENDING UNITY_ENABLE_DETAIL_NORMALMAP SHADER_API_DESKTOP UNITY_COLORSPACE_GAMMA UNITY_LIGHT_PROBE_PROXY_VOLUME UNITY_LIGHTMAP_FULL_HDR uKW= dKW=UNITY_NO_DXT5nm UNITY_FRAMEBUFFER_FETCH_AVAILABLE UNITY_METAL_SHADOWS_USE_POINT_FILTERING UNITY_NO_SCREENSPACE_SHADOWS UNITY_PBS_USE_BRDF2 UNITY_PBS_USE_BRDF3 UNITY_NO_FULL_STANDARD_SHADER UNITY_HARDWARE_TIER1 UNITY_HARDWARE_TIER2 UNITY_HARDWARE_TIER3 UNITY_HALF_PRECISION_FRAGMENT_SHADER_REGISTERS UNITY_LIGHTMAP_DLDR_ENCODING UNITY_LIGHTMAP_RGBM_ENCODING UNITY_VIRTUAL_TEXTURING UNITY_PRETRANSFORM_TO_DISPLAY_ORIENTATION UNITY_ASTC_NORMALMAP_ENCODING SHADER_API_GLES30 UNITY_UNIFIED_SHADER_PRECISION_MODEL flags=0 lang=3 type=Fragment platform=d3d11 reqs=33 mask=6 start=107  error: 1 plat 25 at Assets/Custom RP/Tools/CommonTools.hlsl(293): 'GLOBAL_CBUFFER_START': macro redefinition. Previous definition found at D:/Unity/2022.1.7f1c1/Editor/Data/CGIncludes/HLSLSupport.cginc:314.
  error: 1 plat 25 at D:/Unity/SRP/Library/PackageCache/com.unity.render-pipelines.core@13.1.8/ShaderLibrary/API/D3D11.hlsl(140): 'SAMPLE_DEPTH_TEXTURE': macro redefinition. Previous definition found at D:/Unity/2022.1.7f1c1/Editor/Data/CGIncludes/HLSLSupport.cginc:343.
  error: 1 plat 25 at D:/Unity/SRP/Library/PackageCache/com.unity.render-pipelines.core@13.1.8/ShaderLibrary/API/D3D11.hlsl(141): 'SAMPLE_DEPTH_TEXTURE_LOD': macro redefinition. Previous definition found at D:/Unity/2022.1.7f1c1/Editor/Data/CGIncludes/HLSLSupport.cginc:345.
  error: 1 plat 25 at D:/Unity/SRP/Library/PackageCache/com.unity.render-pipelines.core@13.1.8/ShaderLibrary/Macros.hlsl(229): 'TRANSFORM_TEX': macro redefinition. Previous definition found at D:/Unity/2022.1.7f1c1/Editor/Data/CGIncludes/UnityCG.cginc:442.
  error: 1 plat 4 at RP/Tools/JTRPCommonFunc.hlsl(33): 'i': loop control variable conflicts with a previous declaration in the outer scope; most recent declaration will be used
  error: 1 plat 4 at RP/Tools/JTRPCommonFunc.hlsl(38): 'i': loop control variable conflicts with a previous declaration in the outer scope; most recent declaration will be used
 ok=1 outsize=1382

Cmd: compileSnippet
  insize=4163 file=Assets/Custom RP/Shaders/PPVolume/Hidden/JTRP/PP/Bloom pass=BloomPass ppOnly=0 stripLineD=0 buildPlatform=19 rsLen=0 pKW=UNITY_ENABLE_REFLECTION_BUFFERS UNITY_USE_DITHER_MASK_FOR_ALPHABLENDED_SHADOWS UNITY_PBS_USE_BRDF1 UNITY_SPECCUBE_BOX_PROJECTION UNITY_SPECCUBE_BLENDING UNITY_ENABLE_DETAIL_NORMALMAP SHADER_API_DESKTOP UNITY_COLORSPACE_GAMMA UNITY_LIGHT_PROBE_PROXY_VOLUME UNITY_LIGHTMAP_FULL_HDR uKW= dKW=UNITY_NO_DXT5nm UNITY_FRAMEBUFFER_FETCH_AVAILABLE UNITY_METAL_SHADOWS_USE_POINT_FILTERING UNITY_NO_SCREENSPACE_SHADOWS UNITY_PBS_USE_BRDF2 UNITY_PBS_USE_BRDF3 UNITY_NO_FULL_STANDARD_SHADER UNITY_HARDWARE_TIER1 UNITY_HARDWARE_TIER2 UNITY_HARDWARE_TIER3 UNITY_HALF_PRECISION_FRAGMENT_SHADER_REGISTERS UNITY_LIGHTMAP_DLDR_ENCODING UNITY_LIGHTMAP_RGBM_ENCODING UNITY_VIRTUAL_TEXTURING UNITY_PRETRANSFORM_TO_DISPLAY_ORIENTATION UNITY_ASTC_NORMALMAP_ENCODING SHADER_API_GLES30 UNITY_UNIFIED_SHADER_PRECISION_MODEL flags=0 lang=3 type=Fragment platform=d3d11 reqs=33 mask=6 start=69  error: 1 plat 25 at Assets/Custom RP/Tools/CommonTools.hlsl(293): 'GLOBAL_CBUFFER_START': macro redefinition. Previous definition found at D:/Unity/2022.1.7f1c1/Editor/Data/CGIncludes/HLSLSupport.cginc:314.
  error: 1 plat 25 at D:/Unity/SRP/Library/PackageCache/com.unity.render-pipelines.core@13.1.8/ShaderLibrary/API/D3D11.hlsl(140): 'SAMPLE_DEPTH_TEXTURE': macro redefinition. Previous definition found at D:/Unity/2022.1.7f1c1/Editor/Data/CGIncludes/HLSLSupport.cginc:343.
  error: 1 plat 25 at D:/Unity/SRP/Library/PackageCache/com.unity.render-pipelines.core@13.1.8/ShaderLibrary/API/D3D11.hlsl(141): 'SAMPLE_DEPTH_TEXTURE_LOD': macro redefinition. Previous definition found at D:/Unity/2022.1.7f1c1/Editor/Data/CGIncludes/HLSLSupport.cginc:345.
  error: 1 plat 25 at D:/Unity/SRP/Library/PackageCache/com.unity.render-pipelines.core@13.1.8/ShaderLibrary/Macros.hlsl(229): 'TRANSFORM_TEX': macro redefinition. Previous definition found at D:/Unity/2022.1.7f1c1/Editor/Data/CGIncludes/UnityCG.cginc:442.
  error: 1 plat 4 at RP/Tools/JTRPCommonFunc.hlsl(33): 'i': loop control variable conflicts with a previous declaration in the outer scope; most recent declaration will be used
  error: 1 plat 4 at RP/Tools/JTRPCommonFunc.hlsl(38): 'i': loop control variable conflicts with a previous declaration in the outer scope; most recent declaration will be used
 ok=1 outsize=738

Cmd: compileSnippet
  insize=2551 file=Assets/Custom RP/Shaders/PPVolume/Hidden/JTRP/PP/Bloom pass=BloomVertical ppOnly=0 stripLineD=0 buildPlatform=19 rsLen=0 pKW=UNITY_ENABLE_REFLECTION_BUFFERS UNITY_USE_DITHER_MASK_FOR_ALPHABLENDED_SHADOWS UNITY_PBS_USE_BRDF1 UNITY_SPECCUBE_BOX_PROJECTION UNITY_SPECCUBE_BLENDING UNITY_ENABLE_DETAIL_NORMALMAP SHADER_API_DESKTOP UNITY_COLORSPACE_GAMMA UNITY_LIGHT_PROBE_PROXY_VOLUME UNITY_LIGHTMAP_FULL_HDR uKW= dKW=UNITY_NO_DXT5nm UNITY_FRAMEBUFFER_FETCH_AVAILABLE UNITY_METAL_SHADOWS_USE_POINT_FILTERING UNITY_NO_SCREENSPACE_SHADOWS UNITY_PBS_USE_BRDF2 UNITY_PBS_USE_BRDF3 UNITY_NO_FULL_STANDARD_SHADER UNITY_HARDWARE_TIER1 UNITY_HARDWARE_TIER2 UNITY_HARDWARE_TIER3 UNITY_HALF_PRECISION_FRAGMENT_SHADER_REGISTERS UNITY_LIGHTMAP_DLDR_ENCODING UNITY_LIGHTMAP_RGBM_ENCODING UNITY_VIRTUAL_TEXTURING UNITY_PRETRANSFORM_TO_DISPLAY_ORIENTATION UNITY_ASTC_NORMALMAP_ENCODING SHADER_API_GLES30 UNITY_UNIFIED_SHADER_PRECISION_MODEL flags=0 lang=3 type=Vertex platform=d3d11 reqs=33 mask=6 start=143  error: 1 plat 25 at Assets/Custom RP/Tools/CommonTools.hlsl(293): 'GLOBAL_CBUFFER_START': macro redefinition. Previous definition found at D:/Unity/2022.1.7f1c1/Editor/Data/CGIncludes/HLSLSupport.cginc:314.
  error: 1 plat 25 at D:/Unity/SRP/Library/PackageCache/com.unity.render-pipelines.core@13.1.8/ShaderLibrary/API/D3D11.hlsl(140): 'SAMPLE_DEPTH_TEXTURE': macro redefinition. Previous definition found at D:/Unity/2022.1.7f1c1/Editor/Data/CGIncludes/HLSLSupport.cginc:343.
  error: 1 plat 25 at D:/Unity/SRP/Library/PackageCache/com.unity.render-pipelines.core@13.1.8/ShaderLibrary/API/D3D11.hlsl(141): 'SAMPLE_DEPTH_TEXTURE_LOD': macro redefinition. Previous definition found at D:/Unity/2022.1.7f1c1/Editor/Data/CGIncludes/HLSLSupport.cginc:345.
  error: 1 plat 25 at D:/Unity/SRP/Library/PackageCache/com.unity.render-pipelines.core@13.1.8/ShaderLibrary/Macros.hlsl(229): 'TRANSFORM_TEX': macro redefinition. Previous definition found at D:/Unity/2022.1.7f1c1/Editor/Data/CGIncludes/UnityCG.cginc:442.
  error: 1 plat 4 at RP/Tools/JTRPCommonFunc.hlsl(33): 'i': loop control variable conflicts with a previous declaration in the outer scope; most recent declaration will be used
  error: 1 plat 4 at RP/Tools/JTRPCommonFunc.hlsl(38): 'i': loop control variable conflicts with a previous declaration in the outer scope; most recent declaration will be used
 ok=1 outsize=814

Cmd: compileSnippet
  insize=2578 file=Assets/Custom RP/Shaders/PPVolume/Hidden/JTRP/PP/Bloom pass=BlurHorizontal ppOnly=0 stripLineD=0 buildPlatform=19 rsLen=0 pKW=UNITY_ENABLE_REFLECTION_BUFFERS UNITY_USE_DITHER_MASK_FOR_ALPHABLENDED_SHADOWS UNITY_PBS_USE_BRDF1 UNITY_SPECCUBE_BOX_PROJECTION UNITY_SPECCUBE_BLENDING UNITY_ENABLE_DETAIL_NORMALMAP SHADER_API_DESKTOP UNITY_COLORSPACE_GAMMA UNITY_LIGHT_PROBE_PROXY_VOLUME UNITY_LIGHTMAP_FULL_HDR uKW= dKW=UNITY_NO_DXT5nm UNITY_FRAMEBUFFER_FETCH_AVAILABLE UNITY_METAL_SHADOWS_USE_POINT_FILTERING UNITY_NO_SCREENSPACE_SHADOWS UNITY_PBS_USE_BRDF2 UNITY_PBS_USE_BRDF3 UNITY_NO_FULL_STANDARD_SHADER UNITY_HARDWARE_TIER1 UNITY_HARDWARE_TIER2 UNITY_HARDWARE_TIER3 UNITY_HALF_PRECISION_FRAGMENT_SHADER_REGISTERS UNITY_LIGHTMAP_DLDR_ENCODING UNITY_LIGHTMAP_RGBM_ENCODING UNITY_VIRTUAL_TEXTURING UNITY_PRETRANSFORM_TO_DISPLAY_ORIENTATION UNITY_ASTC_NORMALMAP_ENCODING SHADER_API_GLES30 UNITY_UNIFIED_SHADER_PRECISION_MODEL flags=0 lang=3 type=Vertex platform=d3d11 reqs=33 mask=6 start=122  error: 1 plat 25 at Assets/Custom RP/Tools/CommonTools.hlsl(293): 'GLOBAL_CBUFFER_START': macro redefinition. Previous definition found at D:/Unity/2022.1.7f1c1/Editor/Data/CGIncludes/HLSLSupport.cginc:314.
  error: 1 plat 25 at D:/Unity/SRP/Library/PackageCache/com.unity.render-pipelines.core@13.1.8/ShaderLibrary/API/D3D11.hlsl(140): 'SAMPLE_DEPTH_TEXTURE': macro redefinition. Previous definition found at D:/Unity/2022.1.7f1c1/Editor/Data/CGIncludes/HLSLSupport.cginc:343.
  error: 1 plat 25 at D:/Unity/SRP/Library/PackageCache/com.unity.render-pipelines.core@13.1.8/ShaderLibrary/API/D3D11.hlsl(141): 'SAMPLE_DEPTH_TEXTURE_LOD': macro redefinition. Previous definition found at D:/Unity/2022.1.7f1c1/Editor/Data/CGIncludes/HLSLSupport.cginc:345.
  error: 1 plat 25 at D:/Unity/SRP/Library/PackageCache/com.unity.render-pipelines.core@13.1.8/ShaderLibrary/Macros.hlsl(229): 'TRANSFORM_TEX': macro redefinition. Previous definition found at D:/Unity/2022.1.7f1c1/Editor/Data/CGIncludes/UnityCG.cginc:442.
  error: 1 plat 4 at RP/Tools/JTRPCommonFunc.hlsl(33): 'i': loop control variable conflicts with a previous declaration in the outer scope; most recent declaration will be used
  error: 1 plat 4 at RP/Tools/JTRPCommonFunc.hlsl(38): 'i': loop control variable conflicts with a previous declaration in the outer scope; most recent declaration will be used
 ok=1 outsize=786

Cmd: compileSnippet
  insize=2561 file=Assets/Custom RP/Shaders/PPVolume/Hidden/JTRP/PP/Bloom pass=BloomVertical ppOnly=0 stripLineD=0 buildPlatform=19 rsLen=0 pKW=UNITY_ENABLE_REFLECTION_BUFFERS UNITY_USE_DITHER_MASK_FOR_ALPHABLENDED_SHADOWS UNITY_PBS_USE_BRDF1 UNITY_SPECCUBE_BOX_PROJECTION UNITY_SPECCUBE_BLENDING UNITY_ENABLE_DETAIL_NORMALMAP SHADER_API_DESKTOP UNITY_COLORSPACE_GAMMA UNITY_LIGHT_PROBE_PROXY_VOLUME UNITY_LIGHTMAP_FULL_HDR uKW= dKW=UNITY_NO_DXT5nm UNITY_FRAMEBUFFER_FETCH_AVAILABLE UNITY_METAL_SHADOWS_USE_POINT_FILTERING UNITY_NO_SCREENSPACE_SHADOWS UNITY_PBS_USE_BRDF2 UNITY_PBS_USE_BRDF3 UNITY_NO_FULL_STANDARD_SHADER UNITY_HARDWARE_TIER1 UNITY_HARDWARE_TIER2 UNITY_HARDWARE_TIER3 UNITY_HALF_PRECISION_FRAGMENT_SHADER_REGISTERS UNITY_LIGHTMAP_DLDR_ENCODING UNITY_LIGHTMAP_RGBM_ENCODING UNITY_VIRTUAL_TEXTURING UNITY_PRETRANSFORM_TO_DISPLAY_ORIENTATION UNITY_ASTC_NORMALMAP_ENCODING SHADER_API_GLES30 UNITY_UNIFIED_SHADER_PRECISION_MODEL flags=0 lang=3 type=Vertex platform=d3d11 reqs=33 mask=6 start=141  error: 1 plat 25 at Assets/Custom RP/Tools/CommonTools.hlsl(293): 'GLOBAL_CBUFFER_START': macro redefinition. Previous definition found at D:/Unity/2022.1.7f1c1/Editor/Data/CGIncludes/HLSLSupport.cginc:314.
  error: 1 plat 25 at D:/Unity/SRP/Library/PackageCache/com.unity.render-pipelines.core@13.1.8/ShaderLibrary/API/D3D11.hlsl(140): 'SAMPLE_DEPTH_TEXTURE': macro redefinition. Previous definition found at D:/Unity/2022.1.7f1c1/Editor/Data/CGIncludes/HLSLSupport.cginc:343.
  error: 1 plat 25 at D:/Unity/SRP/Library/PackageCache/com.unity.render-pipelines.core@13.1.8/ShaderLibrary/API/D3D11.hlsl(141): 'SAMPLE_DEPTH_TEXTURE_LOD': macro redefinition. Previous definition found at D:/Unity/2022.1.7f1c1/Editor/Data/CGIncludes/HLSLSupport.cginc:345.
  error: 1 plat 25 at D:/Unity/SRP/Library/PackageCache/com.unity.render-pipelines.core@13.1.8/ShaderLibrary/Macros.hlsl(229): 'TRANSFORM_TEX': macro redefinition. Previous definition found at D:/Unity/2022.1.7f1c1/Editor/Data/CGIncludes/UnityCG.cginc:442.
  error: 1 plat 4 at RP/Tools/JTRPCommonFunc.hlsl(33): 'i': loop control variable conflicts with a previous declaration in the outer scope; most recent declaration will be used
  error: 1 plat 4 at RP/Tools/JTRPCommonFunc.hlsl(38): 'i': loop control variable conflicts with a previous declaration in the outer scope; most recent declaration will be used
 ok=1 outsize=786

Cmd: compileSnippet
  insize=2550 file=Assets/Custom RP/Shaders/PPVolume/Hidden/JTRP/PP/Bloom pass=BlurHorizontal ppOnly=0 stripLineD=0 buildPlatform=19 rsLen=0 pKW=UNITY_ENABLE_REFLECTION_BUFFERS UNITY_USE_DITHER_MASK_FOR_ALPHABLENDED_SHADOWS UNITY_PBS_USE_BRDF1 UNITY_SPECCUBE_BOX_PROJECTION UNITY_SPECCUBE_BLENDING UNITY_ENABLE_DETAIL_NORMALMAP SHADER_API_DESKTOP UNITY_COLORSPACE_GAMMA UNITY_LIGHT_PROBE_PROXY_VOLUME UNITY_LIGHTMAP_FULL_HDR uKW= dKW=UNITY_NO_DXT5nm UNITY_FRAMEBUFFER_FETCH_AVAILABLE UNITY_METAL_SHADOWS_USE_POINT_FILTERING UNITY_NO_SCREENSPACE_SHADOWS UNITY_PBS_USE_BRDF2 UNITY_PBS_USE_BRDF3 UNITY_NO_FULL_STANDARD_SHADER UNITY_HARDWARE_TIER1 UNITY_HARDWARE_TIER2 UNITY_HARDWARE_TIER3 UNITY_HALF_PRECISION_FRAGMENT_SHADER_REGISTERS UNITY_LIGHTMAP_DLDR_ENCODING UNITY_LIGHTMAP_RGBM_ENCODING UNITY_VIRTUAL_TEXTURING UNITY_PRETRANSFORM_TO_DISPLAY_ORIENTATION UNITY_ASTC_NORMALMAP_ENCODING SHADER_API_GLES30 UNITY_UNIFIED_SHADER_PRECISION_MODEL flags=0 lang=3 type=Fragment platform=d3d11 reqs=33 mask=6 start=122  error: 1 plat 25 at Assets/Custom RP/Tools/CommonTools.hlsl(293): 'GLOBAL_CBUFFER_START': macro redefinition. Previous definition found at D:/Unity/2022.1.7f1c1/Editor/Data/CGIncludes/HLSLSupport.cginc:314.
  error: 1 plat 25 at D:/Unity/SRP/Library/PackageCache/com.unity.render-pipelines.core@13.1.8/ShaderLibrary/API/D3D11.hlsl(140): 'SAMPLE_DEPTH_TEXTURE': macro redefinition. Previous definition found at D:/Unity/2022.1.7f1c1/Editor/Data/CGIncludes/HLSLSupport.cginc:343.
  error: 1 plat 25 at D:/Unity/SRP/Library/PackageCache/com.unity.render-pipelines.core@13.1.8/ShaderLibrary/API/D3D11.hlsl(141): 'SAMPLE_DEPTH_TEXTURE_LOD': macro redefinition. Previous definition found at D:/Unity/2022.1.7f1c1/Editor/Data/CGIncludes/HLSLSupport.cginc:345.
  error: 1 plat 25 at D:/Unity/SRP/Library/PackageCache/com.unity.render-pipelines.core@13.1.8/ShaderLibrary/Macros.hlsl(229): 'TRANSFORM_TEX': macro redefinition. Previous definition found at D:/Unity/2022.1.7f1c1/Editor/Data/CGIncludes/UnityCG.cginc:442.
  error: 1 plat 4 at RP/Tools/JTRPCommonFunc.hlsl(33): 'i': loop control variable conflicts with a previous declaration in the outer scope; most recent declaration will be used
  error: 1 plat 4 at RP/Tools/JTRPCommonFunc.hlsl(38): 'i': loop control variable conflicts with a previous declaration in the outer scope; most recent declaration will be used
 ok=1 outsize=1382

Cmd: compileSnippet
  insize=2652 file=Assets/Custom RP/Shaders/PPVolume/Hidden/JTRP/PP/Bloom pass=BloomPass ppOnly=0 stripLineD=0 buildPlatform=19 rsLen=0 pKW=UNITY_ENABLE_REFLECTION_BUFFERS UNITY_USE_DITHER_MASK_FOR_ALPHABLENDED_SHADOWS UNITY_PBS_USE_BRDF1 UNITY_SPECCUBE_BOX_PROJECTION UNITY_SPECCUBE_BLENDING UNITY_ENABLE_DETAIL_NORMALMAP SHADER_API_DESKTOP UNITY_COLORSPACE_GAMMA UNITY_LIGHT_PROBE_PROXY_VOLUME UNITY_LIGHTMAP_FULL_HDR uKW= dKW=UNITY_NO_DXT5nm UNITY_FRAMEBUFFER_FETCH_AVAILABLE UNITY_METAL_SHADOWS_USE_POINT_FILTERING UNITY_NO_SCREENSPACE_SHADOWS UNITY_PBS_USE_BRDF2 UNITY_PBS_USE_BRDF3 UNITY_NO_FULL_STANDARD_SHADER UNITY_HARDWARE_TIER1 UNITY_HARDWARE_TIER2 UNITY_HARDWARE_TIER3 UNITY_HALF_PRECISION_FRAGMENT_SHADER_REGISTERS UNITY_LIGHTMAP_DLDR_ENCODING UNITY_LIGHTMAP_RGBM_ENCODING UNITY_VIRTUAL_TEXTURING UNITY_PRETRANSFORM_TO_DISPLAY_ORIENTATION UNITY_ASTC_NORMALMAP_ENCODING SHADER_API_GLES30 UNITY_UNIFIED_SHADER_PRECISION_MODEL flags=0 lang=3 type=Fragment platform=d3d11 reqs=33 mask=6 start=105  error: 2 plat 4 at (105): Did not find shader kernel 'BloomFrag' to compile
  error: 1 plat 4 at RP/Tools/JTRPCommonFunc.hlsl(33): 'i': loop control variable conflicts with a previous declaration in the outer scope; most recent declaration will be used
  error: 1 plat 4 at RP/Tools/JTRPCommonFunc.hlsl(38): 'i': loop control variable conflicts with a previous declaration in the outer scope; most recent declaration will be used
 ok=0 outsize=0

Cmd: compileSnippet
  insize=3002 file=Assets/Custom RP/Shaders/PPVolume/Hidden/JTRP/PP/Bloom pass=BlurPass ppOnly=0 stripLineD=0 buildPlatform=19 rsLen=0 pKW=UNITY_ENABLE_REFLECTION_BUFFERS UNITY_USE_DITHER_MASK_FOR_ALPHABLENDED_SHADOWS UNITY_PBS_USE_BRDF1 UNITY_SPECCUBE_BOX_PROJECTION UNITY_SPECCUBE_BLENDING UNITY_ENABLE_DETAIL_NORMALMAP SHADER_API_DESKTOP UNITY_COLORSPACE_GAMMA UNITY_LIGHT_PROBE_PROXY_VOLUME UNITY_LIGHTMAP_FULL_HDR uKW= dKW=UNITY_NO_DXT5nm UNITY_FRAMEBUFFER_FETCH_AVAILABLE UNITY_METAL_SHADOWS_USE_POINT_FILTERING UNITY_NO_SCREENSPACE_SHADOWS UNITY_PBS_USE_BRDF2 UNITY_PBS_USE_BRDF3 UNITY_NO_FULL_STANDARD_SHADER UNITY_HARDWARE_TIER1 UNITY_HARDWARE_TIER2 UNITY_HARDWARE_TIER3 UNITY_HALF_PRECISION_FRAGMENT_SHADER_REGISTERS UNITY_LIGHTMAP_DLDR_ENCODING UNITY_LIGHTMAP_RGBM_ENCODING UNITY_VIRTUAL_TEXTURING UNITY_PRETRANSFORM_TO_DISPLAY_ORIENTATION UNITY_ASTC_NORMALMAP_ENCODING SHADER_API_GLES30 UNITY_UNIFIED_SHADER_PRECISION_MODEL flags=0 lang=3 type=Vertex platform=d3d11 reqs=33 mask=6 start=101  error: 1 plat 25 at Assets/Custom RP/Tools/CommonTools.hlsl(293): 'GLOBAL_CBUFFER_START': macro redefinition. Previous definition found at D:/Unity/2022.1.7f1c1/Editor/Data/CGIncludes/HLSLSupport.cginc:314.
  error: 1 plat 25 at D:/Unity/SRP/Library/PackageCache/com.unity.render-pipelines.core@13.1.8/ShaderLibrary/API/D3D11.hlsl(140): 'SAMPLE_DEPTH_TEXTURE': macro redefinition. Previous definition found at D:/Unity/2022.1.7f1c1/Editor/Data/CGIncludes/HLSLSupport.cginc:343.
  error: 1 plat 25 at D:/Unity/SRP/Library/PackageCache/com.unity.render-pipelines.core@13.1.8/ShaderLibrary/API/D3D11.hlsl(141): 'SAMPLE_DEPTH_TEXTURE_LOD': macro redefinition. Previous definition found at D:/Unity/2022.1.7f1c1/Editor/Data/CGIncludes/HLSLSupport.cginc:345.
  error: 1 plat 25 at D:/Unity/SRP/Library/PackageCache/com.unity.render-pipelines.core@13.1.8/ShaderLibrary/Macros.hlsl(229): 'TRANSFORM_TEX': macro redefinition. Previous definition found at D:/Unity/2022.1.7f1c1/Editor/Data/CGIncludes/UnityCG.cginc:442.
  error: 1 plat 4 at RP/Tools/JTRPCommonFunc.hlsl(33): 'i': loop control variable conflicts with a previous declaration in the outer scope; most recent declaration will be used
  error: 1 plat 4 at RP/Tools/JTRPCommonFunc.hlsl(38): 'i': loop control variable conflicts with a previous declaration in the outer scope; most recent declaration will be used
 ok=1 outsize=982

Cmd: compileSnippet
  insize=3409 file=Assets/Custom RP/Shaders/PPVolume/Hidden/JTRP/PP/Bloom pass=DarkPass ppOnly=0 stripLineD=0 buildPlatform=19 rsLen=0 pKW=UNITY_ENABLE_REFLECTION_BUFFERS UNITY_USE_DITHER_MASK_FOR_ALPHABLENDED_SHADOWS UNITY_PBS_USE_BRDF1 UNITY_SPECCUBE_BOX_PROJECTION UNITY_SPECCUBE_BLENDING UNITY_ENABLE_DETAIL_NORMALMAP SHADER_API_DESKTOP UNITY_COLORSPACE_GAMMA UNITY_LIGHT_PROBE_PROXY_VOLUME UNITY_LIGHTMAP_FULL_HDR uKW= dKW=UNITY_NO_DXT5nm UNITY_FRAMEBUFFER_FETCH_AVAILABLE UNITY_METAL_SHADOWS_USE_POINT_FILTERING UNITY_NO_SCREENSPACE_SHADOWS UNITY_PBS_USE_BRDF2 UNITY_PBS_USE_BRDF3 UNITY_NO_FULL_STANDARD_SHADER UNITY_HARDWARE_TIER1 UNITY_HARDWARE_TIER2 UNITY_HARDWARE_TIER3 UNITY_HALF_PRECISION_FRAGMENT_SHADER_REGISTERS UNITY_LIGHTMAP_DLDR_ENCODING UNITY_LIGHTMAP_RGBM_ENCODING UNITY_VIRTUAL_TEXTURING UNITY_PRETRANSFORM_TO_DISPLAY_ORIENTATION UNITY_ASTC_NORMALMAP_ENCODING SHADER_API_GLES30 UNITY_UNIFIED_SHADER_PRECISION_MODEL flags=0 lang=3 type=Fragment platform=d3d11 reqs=33 mask=6 start=128  error: 1 plat 25 at Assets/Custom RP/Tools/CommonTools.hlsl(293): 'GLOBAL_CBUFFER_START': macro redefinition. Previous definition found at D:/Unity/2022.1.7f1c1/Editor/Data/CGIncludes/HLSLSupport.cginc:314.
  error: 1 plat 25 at D:/Unity/SRP/Library/PackageCache/com.unity.render-pipelines.core@13.1.8/ShaderLibrary/API/D3D11.hlsl(140): 'SAMPLE_DEPTH_TEXTURE': macro redefinition. Previous definition found at D:/Unity/2022.1.7f1c1/Editor/Data/CGIncludes/HLSLSupport.cginc:343.
  error: 1 plat 25 at D:/Unity/SRP/Library/PackageCache/com.unity.render-pipelines.core@13.1.8/ShaderLibrary/API/D3D11.hlsl(141): 'SAMPLE_DEPTH_TEXTURE_LOD': macro redefinition. Previous definition found at D:/Unity/2022.1.7f1c1/Editor/Data/CGIncludes/HLSLSupport.cginc:345.
  error: 1 plat 25 at D:/Unity/SRP/Library/PackageCache/com.unity.render-pipelines.core@13.1.8/ShaderLibrary/Macros.hlsl(229): 'TRANSFORM_TEX': macro redefinition. Previous definition found at D:/Unity/2022.1.7f1c1/Editor/Data/CGIncludes/UnityCG.cginc:442.
  error: 1 plat 4 at RP/Tools/JTRPCommonFunc.hlsl(33): 'i': loop control variable conflicts with a previous declaration in the outer scope; most recent declaration will be used
  error: 1 plat 4 at RP/Tools/JTRPCommonFunc.hlsl(38): 'i': loop control variable conflicts with a previous declaration in the outer scope; most recent declaration will be used
 ok=1 outsize=534

Cmd: compileSnippet
  insize=3449 file=Assets/Custom RP/Shaders/PPVolume/Hidden/JTRP/PostProcessing/Bloom pass=BlurPass ppOnly=0 stripLineD=0 buildPlatform=19 rsLen=0 pKW=UNITY_ENABLE_REFLECTION_BUFFERS UNITY_USE_DITHER_MASK_FOR_ALPHABLENDED_SHADOWS UNITY_PBS_USE_BRDF1 UNITY_SPECCUBE_BOX_PROJECTION UNITY_SPECCUBE_BLENDING UNITY_ENABLE_DETAIL_NORMALMAP SHADER_API_DESKTOP UNITY_COLORSPACE_GAMMA UNITY_LIGHT_PROBE_PROXY_VOLUME UNITY_LIGHTMAP_FULL_HDR uKW= dKW=UNITY_NO_DXT5nm UNITY_FRAMEBUFFER_FETCH_AVAILABLE UNITY_METAL_SHADOWS_USE_POINT_FILTERING UNITY_NO_SCREENSPACE_SHADOWS UNITY_PBS_USE_BRDF2 UNITY_PBS_USE_BRDF3 UNITY_NO_FULL_STANDARD_SHADER UNITY_HARDWARE_TIER1 UNITY_HARDWARE_TIER2 UNITY_HARDWARE_TIER3 UNITY_HALF_PRECISION_FRAGMENT_SHADER_REGISTERS UNITY_LIGHTMAP_DLDR_ENCODING UNITY_LIGHTMAP_RGBM_ENCODING UNITY_VIRTUAL_TEXTURING UNITY_PRETRANSFORM_TO_DISPLAY_ORIENTATION UNITY_ASTC_NORMALMAP_ENCODING SHADER_API_GLES30 UNITY_UNIFIED_SHADER_PRECISION_MODEL flags=0 lang=3 type=Fragment platform=d3d11 reqs=33 mask=6 start=109  error: 1 plat 25 at Assets/Custom RP/Tools/CommonTools.hlsl(293): 'GLOBAL_CBUFFER_START': macro redefinition. Previous definition found at D:/Unity/2022.1.7f1c1/Editor/Data/CGIncludes/HLSLSupport.cginc:314.
  error: 1 plat 25 at D:/Unity/SRP/Library/PackageCache/com.unity.render-pipelines.core@13.1.8/ShaderLibrary/API/D3D11.hlsl(140): 'SAMPLE_DEPTH_TEXTURE': macro redefinition. Previous definition found at D:/Unity/2022.1.7f1c1/Editor/Data/CGIncludes/HLSLSupport.cginc:343.
  error: 1 plat 25 at D:/Unity/SRP/Library/PackageCache/com.unity.render-pipelines.core@13.1.8/ShaderLibrary/API/D3D11.hlsl(141): 'SAMPLE_DEPTH_TEXTURE_LOD': macro redefinition. Previous definition found at D:/Unity/2022.1.7f1c1/Editor/Data/CGIncludes/HLSLSupport.cginc:345.
  error: 1 plat 25 at D:/Unity/SRP/Library/PackageCache/com.unity.render-pipelines.core@13.1.8/ShaderLibrary/Macros.hlsl(229): 'TRANSFORM_TEX': macro redefinition. Previous definition found at D:/Unity/2022.1.7f1c1/Editor/Data/CGIncludes/UnityCG.cginc:442.
  error: 1 plat 4 at RP/Tools/JTRPCommonFunc.hlsl(33): 'i': loop control variable conflicts with a previous declaration in the outer scope; most recent declaration will be used
  error: 1 plat 4 at RP/Tools/JTRPCommonFunc.hlsl(38): 'i': loop control variable conflicts with a previous declaration in the outer scope; most recent declaration will be used
 ok=1 outsize=2634

Cmd: compileSnippet
  insize=3460 file=Assets/Custom RP/Shaders/PPVolume/Hidden/JTRP/PostProcessing/Bloom pass=BloomPass ppOnly=0 stripLineD=0 buildPlatform=19 rsLen=0 pKW=UNITY_ENABLE_REFLECTION_BUFFERS UNITY_USE_DITHER_MASK_FOR_ALPHABLENDED_SHADOWS UNITY_PBS_USE_BRDF1 UNITY_SPECCUBE_BOX_PROJECTION UNITY_SPECCUBE_BLENDING UNITY_ENABLE_DETAIL_NORMALMAP SHADER_API_DESKTOP UNITY_COLORSPACE_GAMMA UNITY_LIGHT_PROBE_PROXY_VOLUME UNITY_LIGHTMAP_FULL_HDR uKW= dKW=UNITY_NO_DXT5nm UNITY_FRAMEBUFFER_FETCH_AVAILABLE UNITY_METAL_SHADOWS_USE_POINT_FILTERING UNITY_NO_SCREENSPACE_SHADOWS UNITY_PBS_USE_BRDF2 UNITY_PBS_USE_BRDF3 UNITY_NO_FULL_STANDARD_SHADER UNITY_HARDWARE_TIER1 UNITY_HARDWARE_TIER2 UNITY_HARDWARE_TIER3 UNITY_HALF_PRECISION_FRAGMENT_SHADER_REGISTERS UNITY_LIGHTMAP_DLDR_ENCODING UNITY_LIGHTMAP_RGBM_ENCODING UNITY_VIRTUAL_TEXTURING UNITY_PRETRANSFORM_TO_DISPLAY_ORIENTATION UNITY_ASTC_NORMALMAP_ENCODING SHADER_API_GLES30 UNITY_UNIFIED_SHADER_PRECISION_MODEL flags=0 lang=3 type=Fragment platform=d3d11 reqs=33 mask=6 start=119  error: 1 plat 25 at Assets/Custom RP/Tools/CommonTools.hlsl(293): 'GLOBAL_CBUFFER_START': macro redefinition. Previous definition found at D:/Unity/2022.1.7f1c1/Editor/Data/CGIncludes/HLSLSupport.cginc:314.
  error: 1 plat 25 at D:/Unity/SRP/Library/PackageCache/com.unity.render-pipelines.core@13.1.8/ShaderLibrary/API/D3D11.hlsl(140): 'SAMPLE_DEPTH_TEXTURE': macro redefinition. Previous definition found at D:/Unity/2022.1.7f1c1/Editor/Data/CGIncludes/HLSLSupport.cginc:343.
  error: 1 plat 25 at D:/Unity/SRP/Library/PackageCache/com.unity.render-pipelines.core@13.1.8/ShaderLibrary/API/D3D11.hlsl(141): 'SAMPLE_DEPTH_TEXTURE_LOD': macro redefinition. Previous definition found at D:/Unity/2022.1.7f1c1/Editor/Data/CGIncludes/HLSLSupport.cginc:345.
  error: 1 plat 25 at D:/Unity/SRP/Library/PackageCache/com.unity.render-pipelines.core@13.1.8/ShaderLibrary/Macros.hlsl(229): 'TRANSFORM_TEX': macro redefinition. Previous definition found at D:/Unity/2022.1.7f1c1/Editor/Data/CGIncludes/UnityCG.cginc:442.
  error: 1 plat 4 at RP/Tools/JTRPCommonFunc.hlsl(33): 'i': loop control variable conflicts with a previous declaration in the outer scope; most recent declaration will be used
  error: 1 plat 4 at RP/Tools/JTRPCommonFunc.hlsl(38): 'i': loop control variable conflicts with a previous declaration in the outer scope; most recent declaration will be used
 ok=1 outsize=574

Cmd: compileSnippet
  insize=3531 file=Assets/Custom RP/Shaders/PPVolume/Hidden/JTRP/PostProcessing/Bloom pass=BlurPass ppOnly=0 stripLineD=0 buildPlatform=19 rsLen=0 pKW=UNITY_ENABLE_REFLECTION_BUFFERS UNITY_USE_DITHER_MASK_FOR_ALPHABLENDED_SHADOWS UNITY_PBS_USE_BRDF1 UNITY_SPECCUBE_BOX_PROJECTION UNITY_SPECCUBE_BLENDING UNITY_ENABLE_DETAIL_NORMALMAP SHADER_API_DESKTOP UNITY_COLORSPACE_GAMMA UNITY_LIGHT_PROBE_PROXY_VOLUME UNITY_LIGHTMAP_FULL_HDR uKW= dKW=UNITY_NO_DXT5nm UNITY_FRAMEBUFFER_FETCH_AVAILABLE UNITY_METAL_SHADOWS_USE_POINT_FILTERING UNITY_NO_SCREENSPACE_SHADOWS UNITY_PBS_USE_BRDF2 UNITY_PBS_USE_BRDF3 UNITY_NO_FULL_STANDARD_SHADER UNITY_HARDWARE_TIER1 UNITY_HARDWARE_TIER2 UNITY_HARDWARE_TIER3 UNITY_HALF_PRECISION_FRAGMENT_SHADER_REGISTERS UNITY_LIGHTMAP_DLDR_ENCODING UNITY_LIGHTMAP_RGBM_ENCODING UNITY_VIRTUAL_TEXTURING UNITY_PRETRANSFORM_TO_DISPLAY_ORIENTATION UNITY_ASTC_NORMALMAP_ENCODING SHADER_API_GLES30 UNITY_UNIFIED_SHADER_PRECISION_MODEL flags=0 lang=3 type=Vertex platform=d3d11 reqs=33 mask=6 start=110  error: 1 plat 25 at Assets/Custom RP/Tools/CommonTools.hlsl(293): 'GLOBAL_CBUFFER_START': macro redefinition. Previous definition found at D:/Unity/2022.1.7f1c1/Editor/Data/CGIncludes/HLSLSupport.cginc:314.
  error: 1 plat 25 at D:/Unity/SRP/Library/PackageCache/com.unity.render-pipelines.core@13.1.8/ShaderLibrary/API/D3D11.hlsl(140): 'SAMPLE_DEPTH_TEXTURE': macro redefinition. Previous definition found at D:/Unity/2022.1.7f1c1/Editor/Data/CGIncludes/HLSLSupport.cginc:343.
  error: 1 plat 25 at D:/Unity/SRP/Library/PackageCache/com.unity.render-pipelines.core@13.1.8/ShaderLibrary/API/D3D11.hlsl(141): 'SAMPLE_DEPTH_TEXTURE_LOD': macro redefinition. Previous definition found at D:/Unity/2022.1.7f1c1/Editor/Data/CGIncludes/HLSLSupport.cginc:345.
  error: 1 plat 25 at D:/Unity/SRP/Library/PackageCache/com.unity.render-pipelines.core@13.1.8/ShaderLibrary/Macros.hlsl(229): 'TRANSFORM_TEX': macro redefinition. Previous definition found at D:/Unity/2022.1.7f1c1/Editor/Data/CGIncludes/UnityCG.cginc:442.
  error: 1 plat 4 at RP/Tools/JTRPCommonFunc.hlsl(33): 'i': loop control variable conflicts with a previous declaration in the outer scope; most recent declaration will be used
  error: 1 plat 4 at RP/Tools/JTRPCommonFunc.hlsl(38): 'i': loop control variable conflicts with a previous declaration in the outer scope; most recent declaration will be used
 ok=1 outsize=982

Cmd: compileSnippet
  insize=3516 file=Assets/Custom RP/Shaders/PPVolume/Hidden/JTRP/PostProcessing/Bloom pass=DarkPass ppOnly=0 stripLineD=0 buildPlatform=19 rsLen=0 pKW=UNITY_ENABLE_REFLECTION_BUFFERS UNITY_USE_DITHER_MASK_FOR_ALPHABLENDED_SHADOWS UNITY_PBS_USE_BRDF1 UNITY_SPECCUBE_BOX_PROJECTION UNITY_SPECCUBE_BLENDING UNITY_ENABLE_DETAIL_NORMALMAP SHADER_API_DESKTOP UNITY_COLORSPACE_GAMMA UNITY_LIGHT_PROBE_PROXY_VOLUME UNITY_LIGHTMAP_FULL_HDR uKW= dKW=UNITY_NO_DXT5nm UNITY_FRAMEBUFFER_FETCH_AVAILABLE UNITY_METAL_SHADOWS_USE_POINT_FILTERING UNITY_NO_SCREENSPACE_SHADOWS UNITY_PBS_USE_BRDF2 UNITY_PBS_USE_BRDF3 UNITY_NO_FULL_STANDARD_SHADER UNITY_HARDWARE_TIER1 UNITY_HARDWARE_TIER2 UNITY_HARDWARE_TIER3 UNITY_HALF_PRECISION_FRAGMENT_SHADER_REGISTERS UNITY_LIGHTMAP_DLDR_ENCODING UNITY_LIGHTMAP_RGBM_ENCODING UNITY_VIRTUAL_TEXTURING UNITY_PRETRANSFORM_TO_DISPLAY_ORIENTATION UNITY_ASTC_NORMALMAP_ENCODING SHADER_API_GLES30 UNITY_UNIFIED_SHADER_PRECISION_MODEL flags=0 lang=3 type=Fragment platform=d3d11 reqs=33 mask=6 start=130  error: 1 plat 25 at Assets/Custom RP/Tools/CommonTools.hlsl(293): 'GLOBAL_CBUFFER_START': macro redefinition. Previous definition found at D:/Unity/2022.1.7f1c1/Editor/Data/CGIncludes/HLSLSupport.cginc:314.
  error: 1 plat 25 at D:/Unity/SRP/Library/PackageCache/com.unity.render-pipelines.core@13.1.8/ShaderLibrary/API/D3D11.hlsl(140): 'SAMPLE_DEPTH_TEXTURE': macro redefinition. Previous definition found at D:/Unity/2022.1.7f1c1/Editor/Data/CGIncludes/HLSLSupport.cginc:343.
  error: 1 plat 25 at D:/Unity/SRP/Library/PackageCache/com.unity.render-pipelines.core@13.1.8/ShaderLibrary/API/D3D11.hlsl(141): 'SAMPLE_DEPTH_TEXTURE_LOD': macro redefinition. Previous definition found at D:/Unity/2022.1.7f1c1/Editor/Data/CGIncludes/HLSLSupport.cginc:345.
  error: 1 plat 25 at D:/Unity/SRP/Library/PackageCache/com.unity.render-pipelines.core@13.1.8/ShaderLibrary/Macros.hlsl(229): 'TRANSFORM_TEX': macro redefinition. Previous definition found at D:/Unity/2022.1.7f1c1/Editor/Data/CGIncludes/UnityCG.cginc:442.
  error: 1 plat 4 at RP/Tools/JTRPCommonFunc.hlsl(33): 'i': loop control variable conflicts with a previous declaration in the outer scope; most recent declaration will be used
  error: 1 plat 4 at RP/Tools/JTRPCommonFunc.hlsl(38): 'i': loop control variable conflicts with a previous declaration in the outer scope; most recent declaration will be used
 ok=1 outsize=562

Cmd: shutdown
